<?xml version="1.0" encoding="UTF-8"?>
<!-- Generated by org.testng.reporters.JUnitReportReporter -->
<testsuite hostname="RD-jling" name="com.midian.webtest.use.LoginTest2" tests="5" failures="0" timestamp="13 Sep 2016 08:32:30 GMT" time="5.479" errors="0">
  <testcase name="loginTest" time="1.062" classname="com.midian.webtest.use.LoginTest2"/>
  <testcase name="loginTest" time="1.279" classname="com.midian.webtest.use.LoginTest2"/>
  <testcase name="loginTest" time="0.889" classname="com.midian.webtest.use.LoginTest2"/>
  <testcase name="loginTest" time="1.054" classname="com.midian.webtest.use.LoginTest2"/>
  <testcase name="loginTest" time="1.195" classname="com.midian.webtest.use.LoginTest2"/>
</testsuite> <!-- com.midian.webtest.use.LoginTest2 -->
