<?xml version="1.0" encoding="UTF-8"?>
<testng-results skipped="0" failed="0" total="1" passed="1">
  <reporter-output>
  </reporter-output>
  <suite name="Command line suite" duration-ms="29" started-at="2016-10-17T08:00:27Z" finished-at="2016-10-17T08:00:27Z">
    <groups>
    </groups>
    <test name="Command line test" duration-ms="29" started-at="2016-10-17T08:00:27Z" finished-at="2016-10-17T08:00:27Z">
      <class name="com.midianTest.AppTest">
        <test-method status="PASS" signature="testApp()[pri:0, instance:testApp(com.midianTest.AppTest)]" name="testApp" duration-ms="2" started-at="2016-10-17T16:00:27Z" finished-at="2016-10-17T16:00:27Z">
          <reporter-output>
          </reporter-output>
        </test-method> <!-- testApp -->
      </class> <!-- com.midianTest.AppTest -->
    </test> <!-- Command line test -->
  </suite> <!-- Command line suite -->
</testng-results>
