<?xml version="1.0" encoding="UTF-8"?>
<!-- Generated by org.testng.reporters.JUnitXMLReporter -->
<testsuite hostname="RD-jling" name="Command line test" tests="2" failures="0" timestamp="17 Oct 2016 08:00:27 GMT" time="0.009" errors="0">
  <testcase name="parameter" time="0.003" classname="com.midian.webtest.use.Test123">
    <skipped/>
  </testcase> <!-- parameter -->
  <testcase name="parameter" time="0.0" classname="com.midian.webtest.use.TestCase">
    <skipped/>
  </testcase> <!-- parameter -->
</testsuite> <!-- Command line test -->
